Active-HDL 13.0.375.8320 2024-05-05 18:17:43

Elaboration top modules:
Architecture                  \_4BitFullAdder\(\_4BitFullAdder\)


-----------------------------------------------------------------------------------------------------------
Entity           | Architecture     | Library     | Info | Compiler Version          | Compilation Options
-----------------------------------------------------------------------------------------------------------
\_4BitFullAdder\ | \_4BitFullAdder\ | AdderDesing |      |                           | 
FA               | FA               | AdderDesing |      | 13.0.375.8320 (Windows64) | -O3
HA               | HA               | AdderDesing |      | 13.0.375.8320 (Windows64) | -O3
-----------------------------------------------------------------------------------------------------------

-----------------------------------------------------------------------------------------------------------
VHDL Package                        | Library     | Info | Compiler Version          | Compilation Options
-----------------------------------------------------------------------------------------------------------
standard                            | std         |      |                           | <unavailable>
TEXTIO                              | std         |      | 13.0.375.8320 (Windows64) |  -2019
std_logic_1164                      | ieee        |      | 13.0.375.8320 (Windows64) |  -2008
-----------------------------------------------------------------------------------------------------------

-----------------------------------------------------------------------------------------------------------
Library                             | Comment
-----------------------------------------------------------------------------------------------------------
AdderDesing                         | None
ieee                                | Standard IEEE packages library
std                                 | Standard VHDL library
-----------------------------------------------------------------------------------------------------------


Simulation Options: asim -O5 +access +r +m+\_4BitFullAdder\ \_4BitFullAdder\ \_4BitFullAdder\

